<?xml version="1.0" encoding="UTF-8"?>
<!-- Generated by org.testng.reporters.JUnitReportReporter -->
<testsuite hostname="aditya123" failures="0" tests="4" name="test.VerifyActitimeHeader" time="27.854" errors="0" timestamp="2022-02-02T18:19:19 IST" skipped="0">
  <testcase classname="test.VerifyActitimeHeader" name="verifyUserButton" time="7.370"/>
  <system-out/>
  <testcase classname="test.VerifyActitimeHeader" name="verifyReportTab" time="10.395"/>
  <system-out/>
  <testcase classname="test.VerifyActitimeHeader" name="verifyReportTab" time="6.628"/>
  <system-out/>
  <testcase classname="test.VerifyActitimeHeader" name="verifyUserButton" time="3.461"/>
  <system-out/>
</testsuite> <!-- test.VerifyActitimeHeader -->
